<?xml version="1.0" encoding="UTF-8"?>
<!-- Generated by org.testng.reporters.JUnitReportReporter -->
<testsuite skipped="0" hostname="mahbub-VirtualBox" name="com.sa.TestRunner.TestNGtestrunner" tests="1" failures="0" timestamp="24 Jan 2019 19:27:57 GMT" time="30.488" errors="0">
  <testcase name="feature" time="30.488" classname="com.sa.TestRunner.TestNGtestrunner"/>
</testsuite> <!-- com.sa.TestRunner.TestNGtestrunner -->
